{
  "stats": {
    "suites": 11,
    "tests": 22,
    "passes": 22,
    "pending": 0,
    "failures": 0,
    "start": "2021-08-24T20:54:33.613Z",
    "end": "2021-08-24T20:54:37.369Z",
    "duration": 3756,
    "testsRegistered": 22,
    "passPercent": 100,
    "pendingPercent": 0,
    "other": 0,
    "hasOther": false,
    "skipped": 0,
    "hasSkipped": false
  },
  "results": [
    {
      "uuid": "f86d7598-539d-4bb3-b381-d7c61537b9bd",
      "title": "",
      "fullFile": "cypress/integration/project.spec.js",
      "file": "cypress/integration/project.spec.js",
      "beforeHooks": [],
      "afterHooks": [],
      "tests": [],
      "suites": [
        {
          "uuid": "dae22e7a-87d2-460e-8213-aab5909c3e2f",
          "title": "1 - Adicione uma cor de fundo específica para a página",
          "fullFile": "",
          "file": "",
          "beforeHooks": [],
          "afterHooks": [],
          "tests": [
            {
              "title": "Possuir cor de fundo: rgb(253, 251, 251)",
              "fullTitle": "1 - Adicione uma cor de fundo específica para a página Possuir cor de fundo: rgb(253, 251, 251)",
              "timedOut": null,
              "duration": 92,
              "state": "passed",
              "speed": "slow",
              "pass": true,
              "fail": false,
              "pending": false,
              "context": null,
              "code": "cy.get('body').should('have.css', 'backgroundColor', 'rgb(253, 251, 251)');",
              "err": {},
              "uuid": "c2d71ef5-f828-4e77-a46e-82fd7b002bae",
              "parentUUID": "dae22e7a-87d2-460e-8213-aab5909c3e2f",
              "isHook": false,
              "skipped": false
            }
          ],
          "suites": [],
          "passes": [
            "c2d71ef5-f828-4e77-a46e-82fd7b002bae"
          ],
          "failures": [],
          "pending": [],
          "skipped": [],
          "duration": 92,
          "root": false,
          "rootEmpty": false,
          "_timeout": 2000
        },
        {
          "uuid": "8eadb193-e245-43c0-9941-de68a2003154",
          "title": "2 - Adicione uma barra superior com um título",
          "fullFile": "",
          "file": "",
          "beforeHooks": [],
          "afterHooks": [],
          "tests": [
            {
              "title": "A barra deve possuir o ID \"cabecalho\"",
              "fullTitle": "2 - Adicione uma barra superior com um título A barra deve possuir o ID \"cabecalho\"",
              "timedOut": null,
              "duration": 33,
              "state": "passed",
              "speed": "fast",
              "pass": true,
              "fail": false,
              "pending": false,
              "context": null,
              "code": "(0, _ActionBase.shouldExist)('#cabecalho');",
              "err": {},
              "uuid": "79dbc02b-6b71-4c6e-8f88-5090ba0c930d",
              "parentUUID": "8eadb193-e245-43c0-9941-de68a2003154",
              "isHook": false,
              "skipped": false
            },
            {
              "title": "A barra superior deve ser fixa no topo da página, com a propriedade top tendo o valor `0`",
              "fullTitle": "2 - Adicione uma barra superior com um título A barra superior deve ser fixa no topo da página, com a propriedade top tendo o valor `0`",
              "timedOut": null,
              "duration": 76,
              "state": "passed",
              "speed": "slow",
              "pass": true,
              "fail": false,
              "pending": false,
              "context": null,
              "code": "cy.get('#cabecalho').should('have.css', 'position', 'fixed').should('have.css', 'top', '0px');",
              "err": {},
              "uuid": "2c2f1fdb-0a1a-43bf-8116-3dfa6c538e70",
              "parentUUID": "8eadb193-e245-43c0-9941-de68a2003154",
              "isHook": false,
              "skipped": false
            },
            {
              "title": "O título deve estar dentro da barra e possuir o ID \"titulo\", além de ser uma tag \"h1\"",
              "fullTitle": "2 - Adicione uma barra superior com um título O título deve estar dentro da barra e possuir o ID \"titulo\", além de ser uma tag \"h1\"",
              "timedOut": null,
              "duration": 72,
              "state": "passed",
              "speed": "medium",
              "pass": true,
              "fail": false,
              "pending": false,
              "context": null,
              "code": "(0, _ActionBase.shouldExist)('#cabecalho h1#titulo');",
              "err": {},
              "uuid": "3256fdd0-ed21-4806-82f9-996018fcc267",
              "parentUUID": "8eadb193-e245-43c0-9941-de68a2003154",
              "isHook": false,
              "skipped": false
            }
          ],
          "suites": [],
          "passes": [
            "79dbc02b-6b71-4c6e-8f88-5090ba0c930d",
            "2c2f1fdb-0a1a-43bf-8116-3dfa6c538e70",
            "3256fdd0-ed21-4806-82f9-996018fcc267"
          ],
          "failures": [],
          "pending": [],
          "skipped": [],
          "duration": 181,
          "root": false,
          "rootEmpty": false,
          "_timeout": 2000
        },
        {
          "uuid": "7cb67cd2-faf7-4823-bebd-2c50a49ad18a",
          "title": "3 - Adicione uma foto sua à página",
          "fullFile": "",
          "file": "",
          "beforeHooks": [],
          "afterHooks": [],
          "tests": [
            {
              "title": "A foto deve ser inserida utilizando uma tag img com o ID \"minha_foto\"",
              "fullTitle": "3 - Adicione uma foto sua à página A foto deve ser inserida utilizando uma tag img com o ID \"minha_foto\"",
              "timedOut": null,
              "duration": 32,
              "state": "passed",
              "speed": "fast",
              "pass": true,
              "fail": false,
              "pending": false,
              "context": null,
              "code": "cy.get('img#minha_foto').should('have.attr', 'src');",
              "err": {},
              "uuid": "b2490597-d0c8-4b92-b6df-a7e28914fa34",
              "parentUUID": "7cb67cd2-faf7-4823-bebd-2c50a49ad18a",
              "isHook": false,
              "skipped": false
            }
          ],
          "suites": [],
          "passes": [
            "b2490597-d0c8-4b92-b6df-a7e28914fa34"
          ],
          "failures": [],
          "pending": [],
          "skipped": [],
          "duration": 32,
          "root": false,
          "rootEmpty": false,
          "_timeout": 2000
        },
        {
          "uuid": "4dae69a9-fc4d-4aa7-b397-2236193a33b3",
          "title": "4 - Adicione uma lista de lições aprendidas à página",
          "fullFile": "",
          "file": "",
          "beforeHooks": [],
          "afterHooks": [],
          "tests": [
            {
              "title": "A lista deve ser numerada e possuir o ID \"licoes_aprendidas\"",
              "fullTitle": "4 - Adicione uma lista de lições aprendidas à página A lista deve ser numerada e possuir o ID \"licoes_aprendidas\"",
              "timedOut": null,
              "duration": 32,
              "state": "passed",
              "speed": "fast",
              "pass": true,
              "fail": false,
              "pending": false,
              "context": null,
              "code": "(0, _ActionBase.shouldExist)('ol#licoes_aprendidas');",
              "err": {},
              "uuid": "06e69554-9ca2-4985-8294-b63814d35b5d",
              "parentUUID": "4dae69a9-fc4d-4aa7-b397-2236193a33b3",
              "isHook": false,
              "skipped": false
            },
            {
              "title": "A lista deve possuir 10 itens",
              "fullTitle": "4 - Adicione uma lista de lições aprendidas à página A lista deve possuir 10 itens",
              "timedOut": null,
              "duration": 84,
              "state": "passed",
              "speed": "slow",
              "pass": true,
              "fail": false,
              "pending": false,
              "context": null,
              "code": "cy.get('ol#licoes_aprendidas').find('li').should('have.length', 10);",
              "err": {},
              "uuid": "05bb839c-3ac3-40db-a5d6-9ee2105eec9c",
              "parentUUID": "4dae69a9-fc4d-4aa7-b397-2236193a33b3",
              "isHook": false,
              "skipped": false
            }
          ],
          "suites": [],
          "passes": [
            "06e69554-9ca2-4985-8294-b63814d35b5d",
            "05bb839c-3ac3-40db-a5d6-9ee2105eec9c"
          ],
          "failures": [],
          "pending": [],
          "skipped": [],
          "duration": 116,
          "root": false,
          "rootEmpty": false,
          "_timeout": 2000
        },
        {
          "uuid": "cadcd140-dacf-4d56-963f-0ccf122353e5",
          "title": "5 - Crie uma lista de lições que ainda deseja aprender para a página",
          "fullFile": "",
          "file": "",
          "beforeHooks": [],
          "afterHooks": [],
          "tests": [
            {
              "title": "A lista não deve ser numerada e deve possuir o ID \"licoes_a_aprender\"",
              "fullTitle": "5 - Crie uma lista de lições que ainda deseja aprender para a página A lista não deve ser numerada e deve possuir o ID \"licoes_a_aprender\"",
              "timedOut": null,
              "duration": 36,
              "state": "passed",
              "speed": "fast",
              "pass": true,
              "fail": false,
              "pending": false,
              "context": null,
              "code": "(0, _ActionBase.shouldExist)('ul#licoes_a_aprender');",
              "err": {},
              "uuid": "1d5d05db-5876-40d2-8dd8-384ae8c528ef",
              "parentUUID": "cadcd140-dacf-4d56-963f-0ccf122353e5",
              "isHook": false,
              "skipped": false
            },
            {
              "title": "A lista deve possuir 10 itens",
              "fullTitle": "5 - Crie uma lista de lições que ainda deseja aprender para a página A lista deve possuir 10 itens",
              "timedOut": null,
              "duration": 47,
              "state": "passed",
              "speed": "medium",
              "pass": true,
              "fail": false,
              "pending": false,
              "context": null,
              "code": "cy.get('ul#licoes_a_aprender').find('li').should('have.length', 10);",
              "err": {},
              "uuid": "245a98ad-6bfa-41ea-af0d-91a6e34dbd7a",
              "parentUUID": "cadcd140-dacf-4d56-963f-0ccf122353e5",
              "isHook": false,
              "skipped": false
            }
          ],
          "suites": [],
          "passes": [
            "1d5d05db-5876-40d2-8dd8-384ae8c528ef",
            "245a98ad-6bfa-41ea-af0d-91a6e34dbd7a"
          ],
          "failures": [],
          "pending": [],
          "skipped": [],
          "duration": 83,
          "root": false,
          "rootEmpty": false,
          "_timeout": 2000
        },
        {
          "uuid": "38a714fe-89f9-430b-9005-a86a64dba7d5",
          "title": "6 - Adicione um rodapé para a página",
          "fullFile": "",
          "file": "",
          "beforeHooks": [],
          "afterHooks": [],
          "tests": [
            {
              "title": "O rodapé deve possuir o ID \"rodape\"",
              "fullTitle": "6 - Adicione um rodapé para a página O rodapé deve possuir o ID \"rodape\"",
              "timedOut": null,
              "duration": 32,
              "state": "passed",
              "speed": "fast",
              "pass": true,
              "fail": false,
              "pending": false,
              "context": null,
              "code": "cy.get('footer#rodape').should('exist');",
              "err": {},
              "uuid": "b6bbb2eb-fa26-4cb9-bc0a-64dc527f3075",
              "parentUUID": "38a714fe-89f9-430b-9005-a86a64dba7d5",
              "isHook": false,
              "skipped": false
            }
          ],
          "suites": [],
          "passes": [
            "b6bbb2eb-fa26-4cb9-bc0a-64dc527f3075"
          ],
          "failures": [],
          "pending": [],
          "skipped": [],
          "duration": 32,
          "root": false,
          "rootEmpty": false,
          "_timeout": 2000
        },
        {
          "uuid": "1e7a2c21-1756-4f0c-b7fe-21aee6b56c4e",
          "title": "7 - Insira pelo menos um link externo na página",
          "fullFile": "",
          "file": "",
          "beforeHooks": [],
          "afterHooks": [],
          "tests": [
            {
              "title": "A configuração desse link deve ser feita para abrir em uma nova aba do navegador",
              "fullTitle": "7 - Insira pelo menos um link externo na página A configuração desse link deve ser feita para abrir em uma nova aba do navegador",
              "timedOut": null,
              "duration": 77,
              "state": "passed",
              "speed": "slow",
              "pass": true,
              "fail": false,
              "pending": false,
              "context": null,
              "code": "cy.get('a').then(function (a) {\n  var actual = Array.from(a).some(function (element) {\n    return element.target === '_blank' && element.href !== '';\n  });\n  expect(actual).to.be[\"true\"];\n});",
              "err": {},
              "uuid": "89fcee68-0b11-41ec-a838-30b73aaa2f5d",
              "parentUUID": "1e7a2c21-1756-4f0c-b7fe-21aee6b56c4e",
              "isHook": false,
              "skipped": false
            }
          ],
          "suites": [],
          "passes": [
            "89fcee68-0b11-41ec-a838-30b73aaa2f5d"
          ],
          "failures": [],
          "pending": [],
          "skipped": [],
          "duration": 77,
          "root": false,
          "rootEmpty": false,
          "_timeout": 2000
        },
        {
          "uuid": "9fa8b241-1175-41f0-90ce-abded9fda991",
          "title": "8 - Crie um artigo sobre seu aprendizado",
          "fullFile": "",
          "file": "",
          "beforeHooks": [],
          "afterHooks": [],
          "tests": [
            {
              "title": "A `tag` `article` devem ser utilizadas",
              "fullTitle": "8 - Crie um artigo sobre seu aprendizado A `tag` `article` devem ser utilizadas",
              "timedOut": null,
              "duration": 38,
              "state": "passed",
              "speed": "medium",
              "pass": true,
              "fail": false,
              "pending": false,
              "context": null,
              "code": "(0, _ActionBase.shouldExist)('article');",
              "err": {},
              "uuid": "4ed74150-a2d9-4010-a646-056483088f57",
              "parentUUID": "9fa8b241-1175-41f0-90ce-abded9fda991",
              "isHook": false,
              "skipped": false
            },
            {
              "title": "O artigo deve ter mais de 300 caracteres e menos de 600",
              "fullTitle": "8 - Crie um artigo sobre seu aprendizado O artigo deve ter mais de 300 caracteres e menos de 600",
              "timedOut": null,
              "duration": 77,
              "state": "passed",
              "speed": "slow",
              "pass": true,
              "fail": false,
              "pending": false,
              "context": null,
              "code": "cy.get('article').invoke('text').then(function (text) {\n  expect(text).to.have.length.of.at.most(600);\n  expect(text).to.have.length.of.at.above(300);\n});",
              "err": {},
              "uuid": "8816c87e-a109-47f9-956b-4329ea4cc5fa",
              "parentUUID": "9fa8b241-1175-41f0-90ce-abded9fda991",
              "isHook": false,
              "skipped": false
            }
          ],
          "suites": [],
          "passes": [
            "4ed74150-a2d9-4010-a646-056483088f57",
            "8816c87e-a109-47f9-956b-4329ea4cc5fa"
          ],
          "failures": [],
          "pending": [],
          "skipped": [],
          "duration": 115,
          "root": false,
          "rootEmpty": false,
          "_timeout": 2000
        },
        {
          "uuid": "57d4860d-fb99-4200-bfa3-9552cc020863",
          "title": "9 - Crie uma seção que conta uma passagem sobre seu aprendizado",
          "fullFile": "",
          "file": "",
          "beforeHooks": [],
          "afterHooks": [],
          "tests": [
            {
              "title": "A `tag` `aside` deve ser utilizada",
              "fullTitle": "9 - Crie uma seção que conta uma passagem sobre seu aprendizado A `tag` `aside` deve ser utilizada",
              "timedOut": null,
              "duration": 82,
              "state": "passed",
              "speed": "slow",
              "pass": true,
              "fail": false,
              "pending": false,
              "context": null,
              "code": "(0, _ActionBase.shouldExist)('aside');",
              "err": {},
              "uuid": "97dc51c6-dd2d-410c-b547-5a21fedf6f78",
              "parentUUID": "57d4860d-fb99-4200-bfa3-9552cc020863",
              "isHook": false,
              "skipped": false
            },
            {
              "title": "A seção deve ter mais que 100 caracteres e menos que 300",
              "fullTitle": "9 - Crie uma seção que conta uma passagem sobre seu aprendizado A seção deve ter mais que 100 caracteres e menos que 300",
              "timedOut": null,
              "duration": 37,
              "state": "passed",
              "speed": "fast",
              "pass": true,
              "fail": false,
              "pending": false,
              "context": null,
              "code": "cy.get('aside').invoke('text').then(function (text) {\n  expect(text).to.have.length.of.at.above(100);\n  expect(text).to.have.length.of.at.most(300);\n});",
              "err": {},
              "uuid": "455cb0e0-9667-4d32-9873-5bbe81ef88d5",
              "parentUUID": "57d4860d-fb99-4200-bfa3-9552cc020863",
              "isHook": false,
              "skipped": false
            }
          ],
          "suites": [],
          "passes": [
            "97dc51c6-dd2d-410c-b547-5a21fedf6f78",
            "455cb0e0-9667-4d32-9873-5bbe81ef88d5"
          ],
          "failures": [],
          "pending": [],
          "skipped": [],
          "duration": 119,
          "root": false,
          "rootEmpty": false,
          "_timeout": 2000
        },
        {
          "uuid": "7093b4e5-7e2d-4251-a7c6-15de385fa353",
          "title": "10 - Aplique elementos HTML de acordo com o sentido e propósito de cada um deles",
          "fullFile": "",
          "file": "",
          "beforeHooks": [],
          "afterHooks": [],
          "tests": [
            {
              "title": "Validar se a página possui um elemento \"article\"",
              "fullTitle": "10 - Aplique elementos HTML de acordo com o sentido e propósito de cada um deles Validar se a página possui um elemento \"article\"",
              "timedOut": null,
              "duration": 33,
              "state": "passed",
              "speed": "fast",
              "pass": true,
              "fail": false,
              "pending": false,
              "context": null,
              "code": "(0, _ActionBase.shouldExist)('article');",
              "err": {},
              "uuid": "ff210d0a-5814-4762-afce-57e9c74556a9",
              "parentUUID": "7093b4e5-7e2d-4251-a7c6-15de385fa353",
              "isHook": false,
              "skipped": false
            },
            {
              "title": "Validar se a página possui um elemento \"header\"",
              "fullTitle": "10 - Aplique elementos HTML de acordo com o sentido e propósito de cada um deles Validar se a página possui um elemento \"header\"",
              "timedOut": null,
              "duration": 32,
              "state": "passed",
              "speed": "fast",
              "pass": true,
              "fail": false,
              "pending": false,
              "context": null,
              "code": "(0, _ActionBase.shouldExist)('header');",
              "err": {},
              "uuid": "7b2d79d0-9890-4cc7-b4d4-3441d8d680a9",
              "parentUUID": "7093b4e5-7e2d-4251-a7c6-15de385fa353",
              "isHook": false,
              "skipped": false
            },
            {
              "title": "Validar se a página possui um elemento \"nav\"",
              "fullTitle": "10 - Aplique elementos HTML de acordo com o sentido e propósito de cada um deles Validar se a página possui um elemento \"nav\"",
              "timedOut": null,
              "duration": 76,
              "state": "passed",
              "speed": "slow",
              "pass": true,
              "fail": false,
              "pending": false,
              "context": null,
              "code": "(0, _ActionBase.shouldExist)('nav');",
              "err": {},
              "uuid": "4fd21901-0847-472e-b4e2-f33837ff50d0",
              "parentUUID": "7093b4e5-7e2d-4251-a7c6-15de385fa353",
              "isHook": false,
              "skipped": false
            },
            {
              "title": "Validar se a página possui um elemento \"section\"",
              "fullTitle": "10 - Aplique elementos HTML de acordo com o sentido e propósito de cada um deles Validar se a página possui um elemento \"section\"",
              "timedOut": null,
              "duration": 29,
              "state": "passed",
              "speed": "fast",
              "pass": true,
              "fail": false,
              "pending": false,
              "context": null,
              "code": "(0, _ActionBase.shouldExist)('section');",
              "err": {},
              "uuid": "53572dfd-57f6-4bf5-8386-c368bc6acf8e",
              "parentUUID": "7093b4e5-7e2d-4251-a7c6-15de385fa353",
              "isHook": false,
              "skipped": false
            },
            {
              "title": "Validar se a página possui um elemento \"aside\"",
              "fullTitle": "10 - Aplique elementos HTML de acordo com o sentido e propósito de cada um deles Validar se a página possui um elemento \"aside\"",
              "timedOut": null,
              "duration": 74,
              "state": "passed",
              "speed": "medium",
              "pass": true,
              "fail": false,
              "pending": false,
              "context": null,
              "code": "(0, _ActionBase.shouldExist)('aside');",
              "err": {},
              "uuid": "b7444add-719f-4417-ac64-0d2d0925d673",
              "parentUUID": "7093b4e5-7e2d-4251-a7c6-15de385fa353",
              "isHook": false,
              "skipped": false
            },
            {
              "title": "Validar se a página possui um elemento \"footer\"",
              "fullTitle": "10 - Aplique elementos HTML de acordo com o sentido e propósito de cada um deles Validar se a página possui um elemento \"footer\"",
              "timedOut": null,
              "duration": 75,
              "state": "passed",
              "speed": "medium",
              "pass": true,
              "fail": false,
              "pending": false,
              "context": null,
              "code": "(0, _ActionBase.shouldExist)('footer');",
              "err": {},
              "uuid": "1c0ca564-9ce5-44fd-b06d-f52d39efa25f",
              "parentUUID": "7093b4e5-7e2d-4251-a7c6-15de385fa353",
              "isHook": false,
              "skipped": false
            }
          ],
          "suites": [],
          "passes": [
            "ff210d0a-5814-4762-afce-57e9c74556a9",
            "7b2d79d0-9890-4cc7-b4d4-3441d8d680a9",
            "4fd21901-0847-472e-b4e2-f33837ff50d0",
            "53572dfd-57f6-4bf5-8386-c368bc6acf8e",
            "b7444add-719f-4417-ac64-0d2d0925d673",
            "1c0ca564-9ce5-44fd-b06d-f52d39efa25f"
          ],
          "failures": [],
          "pending": [],
          "skipped": [],
          "duration": 319,
          "root": false,
          "rootEmpty": false,
          "_timeout": 2000
        },
        {
          "uuid": "bfd9c9fd-23bd-45bc-979b-ea07911ca955",
          "title": "11 - Teste a semântica da sua página está aprovada pelo site CodeSniffer",
          "fullFile": "",
          "file": "",
          "beforeHooks": [],
          "afterHooks": [],
          "tests": [
            {
              "title": "Seu site deve passar sem problemas na verificação de semântica do site CodeSniffer",
              "fullTitle": "11 - Teste a semântica da sua página está aprovada pelo site CodeSniffer Seu site deve passar sem problemas na verificação de semântica do site CodeSniffer",
              "timedOut": null,
              "duration": 1693,
              "state": "passed",
              "speed": "slow",
              "pass": true,
              "fail": false,
              "pending": false,
              "context": null,
              "code": "cy.readFile('./index.html').then(function (content) {\n  cy.visit('http://squizlabs.github.io/HTML_CodeSniffer/');\n  cy.get('#runHTMLCS').click();\n  cy.get('#source').invoke('val', content).trigger('input');\n  cy.get('#run-button').click();\n  cy.get('.result-count-errors').contains(/^0$/);\n});",
              "err": {},
              "uuid": "d2ad9f87-5d41-4ef6-9f73-e3b7dad582d3",
              "parentUUID": "bfd9c9fd-23bd-45bc-979b-ea07911ca955",
              "isHook": false,
              "skipped": false
            }
          ],
          "suites": [],
          "passes": [
            "d2ad9f87-5d41-4ef6-9f73-e3b7dad582d3"
          ],
          "failures": [],
          "pending": [],
          "skipped": [],
          "duration": 1693,
          "root": false,
          "rootEmpty": false,
          "_timeout": 2000
        }
      ],
      "passes": [],
      "failures": [],
      "pending": [],
      "skipped": [],
      "duration": 0,
      "root": true,
      "rootEmpty": true,
      "_timeout": 2000
    }
  ],
  "meta": {
    "mocha": {
      "version": "7.0.1"
    },
    "mochawesome": {
      "options": {
        "quiet": false,
        "reportFilename": "mochawesome",
        "saveHtml": false,
        "saveJson": true,
        "consoleReporter": "spec",
        "useInlineDiffs": false
      },
      "version": "4.1.0"
    },
    "marge": {
      "options": {
        "id": "default",
        "reportDir": "cypress/reports",
        "overwrite": false,
        "html": false,
        "json": true
      },
      "version": "4.1.0"
    }
  }
}