{
  "stats": {
    "suites": 4,
    "tests": 9,
    "passes": 7,
    "pending": 0,
    "failures": 2,
    "start": "2021-08-24T20:59:57.281Z",
    "end": "2021-08-24T21:00:07.906Z",
    "duration": 10625,
    "testsRegistered": 9,
    "passPercent": 77.77777777777779,
    "pendingPercent": 0,
    "other": 0,
    "hasOther": false,
    "skipped": 0,
    "hasSkipped": false
  },
  "results": [
    {
      "uuid": "6be3df6e-968c-49a7-9662-301e8dc71898",
      "title": "",
      "fullFile": "cypress/integration/bonus.spec.js",
      "file": "cypress/integration/bonus.spec.js",
      "beforeHooks": [],
      "afterHooks": [],
      "tests": [],
      "suites": [
        {
          "uuid": "abae9aa9-4843-45b6-a329-1b8db2ac1874",
          "title": "12 - Adicione uma tabela à página",
          "fullFile": "",
          "file": "",
          "beforeHooks": [],
          "afterHooks": [],
          "tests": [
            {
              "title": "A página deve possuir uma tabela",
              "fullTitle": "12 - Adicione uma tabela à página A página deve possuir uma tabela",
              "timedOut": null,
              "duration": 10069,
              "state": "failed",
              "speed": null,
              "pass": false,
              "fail": true,
              "pending": false,
              "context": null,
              "code": "(0, _ActionBase.shouldExist)('table');",
              "err": {
                "message": "AssertionError: Timed out retrying: Expected to find element: `table`, but never found it.",
                "estack": "AssertionError: Timed out retrying: Expected to find element: `table`, but never found it.\n    at shouldExist (http://localhost:41217/__cypress/tests?p=cypress/integration/bonus.spec.js:108:20)\n    at Context.eval (http://localhost:41217/__cypress/tests?p=cypress/integration/bonus.spec.js:148:33)",
                "diff": null
              },
              "uuid": "765040e9-4f5b-40f4-ba7e-b8499fd8f579",
              "parentUUID": "abae9aa9-4843-45b6-a329-1b8db2ac1874",
              "isHook": false,
              "skipped": false
            }
          ],
          "suites": [],
          "passes": [],
          "failures": [
            "765040e9-4f5b-40f4-ba7e-b8499fd8f579"
          ],
          "pending": [],
          "skipped": [],
          "duration": 10069,
          "root": false,
          "rootEmpty": false,
          "_timeout": 2000
        },
        {
          "uuid": "74dc2b11-e5f9-4d01-9f39-023b7790bb58",
          "title": "13 - Utilize o Box model",
          "fullFile": "",
          "file": "",
          "beforeHooks": [],
          "afterHooks": [],
          "tests": [
            {
              "title": "Altere `margin`, `padding` e `border` dos elementos para ver, na prática, como esses atributos influenciam e melhoram a visualização dos componentes",
              "fullTitle": "13 - Utilize o Box model Altere `margin`, `padding` e `border` dos elementos para ver, na prática, como esses atributos influenciam e melhoram a visualização dos componentes",
              "timedOut": null,
              "duration": 65,
              "state": "passed",
              "speed": "medium",
              "pass": true,
              "fail": false,
              "pending": false,
              "context": null,
              "code": "cy.readFile('./style.css').then(function (content) {\n  var styles = ['margin', 'padding', 'border'];\n  expect(styles.every(function (style) {\n    return content.match(style);\n  }), 'Do not match styles margin, padding and border').to.be[\"true\"];\n});",
              "err": {},
              "uuid": "06f234bf-b2c8-40d4-8670-e6f079fdbc91",
              "parentUUID": "74dc2b11-e5f9-4d01-9f39-023b7790bb58",
              "isHook": false,
              "skipped": false
            }
          ],
          "suites": [],
          "passes": [
            "06f234bf-b2c8-40d4-8670-e6f079fdbc91"
          ],
          "failures": [],
          "pending": [],
          "skipped": [],
          "duration": 65,
          "root": false,
          "rootEmpty": false,
          "_timeout": 2000
        },
        {
          "uuid": "3ff1bdcd-f42e-4329-beb7-a68e1e6dc80f",
          "title": "14 - Altere atributos relacionados as fontes",
          "fullFile": "",
          "file": "",
          "beforeHooks": [],
          "afterHooks": [],
          "tests": [
            {
              "title": "Altere o tamanho da letra",
              "fullTitle": "14 - Altere atributos relacionados as fontes Altere o tamanho da letra",
              "timedOut": null,
              "duration": 40,
              "state": "passed",
              "speed": "medium",
              "pass": true,
              "fail": false,
              "pending": false,
              "context": null,
              "code": "var styles = [/font:/, /font-size:/];\n(0, _ActionBase.verifyExistingStyle)(styles);",
              "err": {},
              "uuid": "3965f8b5-ee7e-4567-b8ca-a8928493a026",
              "parentUUID": "3ff1bdcd-f42e-4329-beb7-a68e1e6dc80f",
              "isHook": false,
              "skipped": false
            },
            {
              "title": "Altere a cor da letra",
              "fullTitle": "14 - Altere atributos relacionados as fontes Altere a cor da letra",
              "timedOut": null,
              "duration": 36,
              "state": "passed",
              "speed": "fast",
              "pass": true,
              "fail": false,
              "pending": false,
              "context": null,
              "code": "var styles = [/font:/, /[^-]color:/];\n(0, _ActionBase.verifyExistingStyle)(styles);",
              "err": {},
              "uuid": "1d7d790b-f5c0-40c1-91ed-6efa6353f326",
              "parentUUID": "3ff1bdcd-f42e-4329-beb7-a68e1e6dc80f",
              "isHook": false,
              "skipped": false
            },
            {
              "title": "Altere o espaçamento entre as linhas",
              "fullTitle": "14 - Altere atributos relacionados as fontes Altere o espaçamento entre as linhas",
              "timedOut": null,
              "duration": 82,
              "state": "passed",
              "speed": "slow",
              "pass": true,
              "fail": false,
              "pending": false,
              "context": null,
              "code": "var styles = [/font:/, /line-height:/];\n(0, _ActionBase.verifyExistingStyle)(styles);",
              "err": {},
              "uuid": "dc8468ee-7ccf-4854-83d3-e3e7c25d6f88",
              "parentUUID": "3ff1bdcd-f42e-4329-beb7-a68e1e6dc80f",
              "isHook": false,
              "skipped": false
            },
            {
              "title": "Altere o `font-family`",
              "fullTitle": "14 - Altere atributos relacionados as fontes Altere o `font-family`",
              "timedOut": null,
              "duration": 86,
              "state": "passed",
              "speed": "slow",
              "pass": true,
              "fail": false,
              "pending": false,
              "context": null,
              "code": "var styles = [/font:/, /font-family:/];\n(0, _ActionBase.verifyExistingStyle)(styles);",
              "err": {},
              "uuid": "6e62bc31-fc22-479b-86d9-431e51af4226",
              "parentUUID": "3ff1bdcd-f42e-4329-beb7-a68e1e6dc80f",
              "isHook": false,
              "skipped": false
            }
          ],
          "suites": [],
          "passes": [
            "3965f8b5-ee7e-4567-b8ca-a8928493a026",
            "1d7d790b-f5c0-40c1-91ed-6efa6353f326",
            "dc8468ee-7ccf-4854-83d3-e3e7c25d6f88",
            "6e62bc31-fc22-479b-86d9-431e51af4226"
          ],
          "failures": [],
          "pending": [],
          "skipped": [],
          "duration": 244,
          "root": false,
          "rootEmpty": false,
          "_timeout": 2000
        },
        {
          "uuid": "db48a184-344e-4e78-9f7b-47077d155501",
          "title": "15 - Posicione o seu artigo e a seção sobre aprendizados um ao lado do outro",
          "fullFile": "",
          "file": "",
          "beforeHooks": [],
          "afterHooks": [],
          "tests": [
            {
              "title": "Utilizar a classe \"lado-esquerdo\"",
              "fullTitle": "15 - Posicione o seu artigo e a seção sobre aprendizados um ao lado do outro Utilizar a classe \"lado-esquerdo\"",
              "timedOut": null,
              "duration": 38,
              "state": "passed",
              "speed": "medium",
              "pass": true,
              "fail": false,
              "pending": false,
              "context": null,
              "code": "(0, _ActionBase.shouldExist)('.lado-esquerdo');",
              "err": {},
              "uuid": "f9e2bf9a-1c61-498f-b031-f1677c6909e0",
              "parentUUID": "db48a184-344e-4e78-9f7b-47077d155501",
              "isHook": false,
              "skipped": false
            },
            {
              "title": "Utilizar a classe \"lado-direito\"",
              "fullTitle": "15 - Posicione o seu artigo e a seção sobre aprendizados um ao lado do outro Utilizar a classe \"lado-direito\"",
              "timedOut": null,
              "duration": 37,
              "state": "passed",
              "speed": "fast",
              "pass": true,
              "fail": false,
              "pending": false,
              "context": null,
              "code": "(0, _ActionBase.shouldExist)('.lado-direito');",
              "err": {},
              "uuid": "df9d7c3b-8f13-4da3-8c17-0c1b66a1f205",
              "parentUUID": "db48a184-344e-4e78-9f7b-47077d155501",
              "isHook": false,
              "skipped": false
            },
            {
              "title": "Verificar se os elementos com as classes lado-direito e lado-esquerdo estão posicionados corretamente",
              "fullTitle": "15 - Posicione o seu artigo e a seção sobre aprendizados um ao lado do outro Verificar se os elementos com as classes lado-direito e lado-esquerdo estão posicionados corretamente",
              "timedOut": null,
              "duration": 87,
              "state": "failed",
              "speed": null,
              "pass": false,
              "fail": true,
              "pending": false,
              "context": null,
              "code": "cy.document().then(function (doc) {\n  var leftSide = {\n    top: (0, _ActionBase.evaluateOffset)(doc, '.lado-esquerdo', 'Top'),\n    height: (0, _ActionBase.evaluateOffset)(doc, '.lado-esquerdo', 'Height')\n  };\n  var rightSide = {\n    top: (0, _ActionBase.evaluateOffset)(doc, '.lado-direito', 'Top'),\n    height: (0, _ActionBase.evaluateOffset)(doc, '.lado-direito', 'Height')\n  };\n  expect((0, _ActionBase.isSidebySide)(leftSide, rightSide), 'Not side by side. *hint - search for float, width and positioning properties to achieve this requirement*').to.be[\"true\"];\n});",
              "err": {
                "message": "AssertionError: Not side by side. *hint - search for float, width and positioning properties to achieve this requirement*: expected false to be true",
                "estack": "AssertionError: Not side by side. *hint - search for float, width and positioning properties to achieve this requirement*: expected false to be true\n    at Context.eval (http://localhost:41217/__cypress/tests?p=cypress/integration/bonus.spec.js:205:180)",
                "diff": null
              },
              "uuid": "48391262-d94f-4a0d-bfda-0307c5067aff",
              "parentUUID": "db48a184-344e-4e78-9f7b-47077d155501",
              "isHook": false,
              "skipped": false
            }
          ],
          "suites": [],
          "passes": [
            "f9e2bf9a-1c61-498f-b031-f1677c6909e0",
            "df9d7c3b-8f13-4da3-8c17-0c1b66a1f205"
          ],
          "failures": [
            "48391262-d94f-4a0d-bfda-0307c5067aff"
          ],
          "pending": [],
          "skipped": [],
          "duration": 162,
          "root": false,
          "rootEmpty": false,
          "_timeout": 2000
        }
      ],
      "passes": [],
      "failures": [],
      "pending": [],
      "skipped": [],
      "duration": 0,
      "root": true,
      "rootEmpty": true,
      "_timeout": 2000
    }
  ],
  "meta": {
    "mocha": {
      "version": "7.0.1"
    },
    "mochawesome": {
      "options": {
        "quiet": false,
        "reportFilename": "mochawesome",
        "saveHtml": false,
        "saveJson": true,
        "consoleReporter": "spec",
        "useInlineDiffs": false
      },
      "version": "4.1.0"
    },
    "marge": {
      "options": {
        "id": "default",
        "reportDir": "cypress/reports",
        "overwrite": false,
        "html": false,
        "json": true
      },
      "version": "4.1.0"
    }
  }
}